<?xml version="1.0" encoding="UTF-8"?>
<!-- Generated by org.testng.reporters.JUnitReportReporter -->
<testsuite hostname="jeffrey-pt7279" failures="0" tests="7" name="operationsTest.CustomerTest" time="0.406" errors="0" timestamp="2024-04-29T10:17:09 IST" skipped="0">
  <testcase classname="operationsTest.CustomerTest" name="balance" time="0.007"/>
  <system-out/>
  <testcase classname="operationsTest.CustomerTest" name="balance" time="0.001"/>
  <system-out/>
  <testcase classname="operationsTest.CustomerTest" name="balance" time="0.018"/>
  <system-out/>
  <testcase classname="operationsTest.CustomerTest" name="balance" time="0.353"/>
  <system-out/>
  <testcase classname="operationsTest.CustomerTest" name="balance" time="0.002"/>
  <system-out/>
  <testcase classname="operationsTest.CustomerTest" name="balance" time="0.001"/>
  <system-out/>
  <testcase classname="operationsTest.CustomerTest" name="balance" time="0.024"/>
  <system-out/>
</testsuite> <!-- operationsTest.CustomerTest -->
